0 verbose cli C:\Program Files\nodejs\node.exe C:\Program Files\nodejs\node_modules\npm\bin\npm-cli.js
1 info using npm@10.9.0
2 info using node@v22.12.0
3 silly config load:file:C:\Program Files\nodejs\node_modules\npm\npmrc
4 silly config load:file:D:\trash\college-tracker\.npmrc
5 silly config load:file:C:\Users\Karti\.npmrc
6 silly config load:file:C:\Users\Karti\AppData\Roaming\npm\etc\npmrc
7 verbose title npm install
8 verbose argv "install"
9 verbose logfile logs-max:10 dir:D:\trash\college-tracker\%LOCALAPPDATA%\npm-cache\_logs\2026-05-23T05_28_08_640Z-
10 verbose logfile D:\trash\college-tracker\%LOCALAPPDATA%\npm-cache\_logs\2026-05-23T05_28_08_640Z-debug-0.log
11 silly logfile done cleaning log files
12 silly packumentCache heap:4345298944 maxSize:1086324736 maxEntrySize:543162368
13 silly idealTree buildDeps
14 silly reify moves {}
15 silly audit bulk request {
15 silly audit   '@babel/code-frame': [ '7.27.1' ],
15 silly audit   '@babel/compat-data': [ '7.28.5' ],
15 silly audit   '@babel/core': [ '7.28.5' ],
15 silly audit   '@babel/generator': [ '7.28.5' ],
15 silly audit   '@babel/helper-compilation-targets': [ '7.27.2' ],
15 silly audit   '@babel/helper-globals': [ '7.28.0' ],
15 silly audit   '@babel/helper-module-imports': [ '7.27.1' ],
15 silly audit   '@babel/helper-module-transforms': [ '7.28.3' ],
15 silly audit   '@babel/helper-plugin-utils': [ '7.27.1' ],
15 silly audit   '@babel/helper-string-parser': [ '7.27.1' ],
15 silly audit   '@babel/helper-validator-identifier': [ '7.28.5' ],
15 silly audit   '@babel/helper-validator-option': [ '7.27.1' ],
15 silly audit   '@babel/helpers': [ '7.28.4' ],
15 silly audit   '@babel/parser': [ '7.28.5' ],
15 silly audit   '@babel/plugin-transform-react-jsx-self': [ '7.27.1' ],
15 silly audit   '@babel/plugin-transform-react-jsx-source': [ '7.27.1' ],
15 silly audit   '@babel/template': [ '7.27.2' ],
15 silly audit   '@babel/traverse': [ '7.28.5' ],
15 silly audit   '@babel/types': [ '7.28.5' ],
15 silly audit   '@esbuild/aix-ppc64': [ '0.21.5' ],
15 silly audit   '@esbuild/android-arm': [ '0.21.5' ],
15 silly audit   '@esbuild/android-arm64': [ '0.21.5' ],
15 silly audit   '@esbuild/android-x64': [ '0.21.5' ],
15 silly audit   '@esbuild/darwin-arm64': [ '0.21.5' ],
15 silly audit   '@esbuild/darwin-x64': [ '0.21.5' ],
15 silly audit   '@esbuild/freebsd-arm64': [ '0.21.5' ],
15 silly audit   '@esbuild/freebsd-x64': [ '0.21.5' ],
15 silly audit   '@esbuild/linux-arm': [ '0.21.5' ],
15 silly audit   '@esbuild/linux-arm64': [ '0.21.5' ],
15 silly audit   '@esbuild/linux-ia32': [ '0.21.5' ],
15 silly audit   '@esbuild/linux-loong64': [ '0.21.5' ],
15 silly audit   '@esbuild/linux-mips64el': [ '0.21.5' ],
15 silly audit   '@esbuild/linux-ppc64': [ '0.21.5' ],
15 silly audit   '@esbuild/linux-riscv64': [ '0.21.5' ],
15 silly audit   '@esbuild/linux-s390x': [ '0.21.5' ],
15 silly audit   '@esbuild/linux-x64': [ '0.21.5' ],
15 silly audit   '@esbuild/netbsd-x64': [ '0.21.5' ],
15 silly audit   '@esbuild/openbsd-x64': [ '0.21.5' ],
15 silly audit   '@esbuild/sunos-x64': [ '0.21.5' ],
15 silly audit   '@esbuild/win32-arm64': [ '0.21.5' ],
15 silly audit   '@esbuild/win32-ia32': [ '0.21.5' ],
15 silly audit   '@esbuild/win32-x64': [ '0.21.5' ],
15 silly audit   '@jridgewell/gen-mapping': [ '0.3.13' ],
15 silly audit   '@jridgewell/remapping': [ '2.3.5' ],
15 silly audit   '@jridgewell/resolve-uri': [ '3.1.2' ],
15 silly audit   '@jridgewell/sourcemap-codec': [ '1.5.5' ],
15 silly audit   '@jridgewell/trace-mapping': [ '0.3.31' ],
15 silly audit   '@remix-run/router': [ '1.23.1' ],
15 silly audit   '@rolldown/pluginutils': [ '1.0.0-beta.27' ],
15 silly audit   '@rollup/rollup-android-arm-eabi': [ '4.53.3' ],
15 silly audit   '@rollup/rollup-android-arm64': [ '4.53.3' ],
15 silly audit   '@rollup/rollup-darwin-arm64': [ '4.53.3' ],
15 silly audit   '@rollup/rollup-darwin-x64': [ '4.53.3' ],
15 silly audit   '@rollup/rollup-freebsd-arm64': [ '4.53.3' ],
15 silly audit   '@rollup/rollup-freebsd-x64': [ '4.53.3' ],
15 silly audit   '@rollup/rollup-linux-arm-gnueabihf': [ '4.53.3' ],
15 silly audit   '@rollup/rollup-linux-arm-musleabihf': [ '4.53.3' ],
15 silly audit   '@rollup/rollup-linux-arm64-gnu': [ '4.53.3' ],
15 silly audit   '@rollup/rollup-linux-arm64-musl': [ '4.53.3' ],
15 silly audit   '@rollup/rollup-linux-loong64-gnu': [ '4.53.3' ],
15 silly audit   '@rollup/rollup-linux-ppc64-gnu': [ '4.53.3' ],
15 silly audit   '@rollup/rollup-linux-riscv64-gnu': [ '4.53.3' ],
15 silly audit   '@rollup/rollup-linux-riscv64-musl': [ '4.53.3' ],
15 silly audit   '@rollup/rollup-linux-s390x-gnu': [ '4.53.3' ],
15 silly audit   '@rollup/rollup-linux-x64-gnu': [ '4.53.3' ],
15 silly audit   '@rollup/rollup-linux-x64-musl': [ '4.53.3' ],
15 silly audit   '@rollup/rollup-openharmony-arm64': [ '4.53.3' ],
15 silly audit   '@rollup/rollup-win32-arm64-msvc': [ '4.53.3' ],
15 silly audit   '@rollup/rollup-win32-ia32-msvc': [ '4.53.3' ],
15 silly audit   '@rollup/rollup-win32-x64-gnu': [ '4.53.3' ],
15 silly audit   '@rollup/rollup-win32-x64-msvc': [ '4.53.3' ],
15 silly audit   '@types/babel__core': [ '7.20.5' ],
15 silly audit   '@types/babel__generator': [ '7.27.0' ],
15 silly audit   '@types/babel__template': [ '7.4.4' ],
15 silly audit   '@types/babel__traverse': [ '7.28.0' ],
15 silly audit   '@types/estree': [ '1.0.8' ],
15 silly audit   '@types/prop-types': [ '15.7.15' ],
15 silly audit   '@types/react': [ '18.3.27' ],
15 silly audit   '@types/react-dom': [ '18.3.7' ],
15 silly audit   '@vitejs/plugin-react': [ '4.7.0' ],
15 silly audit   'baseline-browser-mapping': [ '2.8.31' ],
15 silly audit   browserslist: [ '4.28.0' ],
15 silly audit   'caniuse-lite': [ '1.0.30001757' ],
15 silly audit   'convert-source-map': [ '2.0.0' ],
15 silly audit   csstype: [ '3.2.3' ],
15 silly audit   debug: [ '4.4.3' ],
15 silly audit   'electron-to-chromium': [ '1.5.259' ],
15 silly audit   esbuild: [ '0.21.5' ],
15 silly audit   escalade: [ '3.2.0' ],
15 silly audit   fsevents: [ '2.3.3' ],
15 silly audit   gensync: [ '1.0.0-beta.2' ],
15 silly audit   'js-tokens': [ '4.0.0' ],
15 silly audit   jsesc: [ '3.1.0' ],
15 silly audit   json5: [ '2.2.3' ],
15 silly audit   'loose-envify': [ '1.4.0' ],
15 silly audit   'lru-cache': [ '5.1.1' ],
15 silly audit   ms: [ '2.1.3' ],
15 silly audit   nanoid: [ '3.3.11' ],
15 silly audit   'node-releases': [ '2.0.27' ],
15 silly audit   picocolors: [ '1.1.1' ],
15 silly audit   postcss: [ '8.5.6' ],
15 silly audit   react: [ '18.3.1' ],
15 silly audit   'react-dom': [ '18.3.1' ],
15 silly audit   'react-refresh': [ '0.17.0' ],
15 silly audit   'react-router': [ '6.30.2' ],
15 silly audit   'react-router-dom': [ '6.30.2' ],
15 silly audit   rollup: [ '4.53.3' ],
15 silly audit   scheduler: [ '0.23.2' ],
15 silly audit   semver: [ '6.3.1' ],
15 silly audit   'source-map-js': [ '1.2.1' ],
15 silly audit   'update-browserslist-db': [ '1.1.4' ],
15 silly audit   vite: [ '5.4.21' ],
15 silly audit   yallist: [ '3.1.1' ]
15 silly audit }
16 verbose reify failed optional dependency D:\trash\college-tracker\node_modules\fsevents
17 silly reify mark deleted [ 'D:\\trash\\college-tracker\\node_modules\\fsevents' ]
18 verbose reify failed optional dependency D:\trash\college-tracker\node_modules\@rollup\rollup-win32-ia32-msvc
19 silly reify mark deleted [
19 silly reify   'D:\\trash\\college-tracker\\node_modules\\@rollup\\rollup-win32-ia32-msvc'
19 silly reify ]
20 verbose reify failed optional dependency D:\trash\college-tracker\node_modules\@rollup\rollup-win32-arm64-msvc
21 silly reify mark deleted [
21 silly reify   'D:\\trash\\college-tracker\\node_modules\\@rollup\\rollup-win32-arm64-msvc'
21 silly reify ]
22 verbose reify failed optional dependency D:\trash\college-tracker\node_modules\@rollup\rollup-openharmony-arm64
23 silly reify mark deleted [
23 silly reify   'D:\\trash\\college-tracker\\node_modules\\@rollup\\rollup-openharmony-arm64'
23 silly reify ]
24 verbose reify failed optional dependency D:\trash\college-tracker\node_modules\@rollup\rollup-linux-x64-musl
25 silly reify mark deleted [
25 silly reify   'D:\\trash\\college-tracker\\node_modules\\@rollup\\rollup-linux-x64-musl'
25 silly reify ]
26 verbose reify failed optional dependency D:\trash\college-tracker\node_modules\@rollup\rollup-linux-x64-gnu
27 silly reify mark deleted [
27 silly reify   'D:\\trash\\college-tracker\\node_modules\\@rollup\\rollup-linux-x64-gnu'
27 silly reify ]
28 verbose reify failed optional dependency D:\trash\college-tracker\node_modules\@rollup\rollup-linux-s390x-gnu
29 silly reify mark deleted [
29 silly reify   'D:\\trash\\college-tracker\\node_modules\\@rollup\\rollup-linux-s390x-gnu'
29 silly reify ]
30 verbose reify failed optional dependency D:\trash\college-tracker\node_modules\@rollup\rollup-linux-riscv64-musl
31 silly reify mark deleted [
31 silly reify   'D:\\trash\\college-tracker\\node_modules\\@rollup\\rollup-linux-riscv64-musl'
31 silly reify ]
32 verbose reify failed optional dependency D:\trash\college-tracker\node_modules\@rollup\rollup-linux-riscv64-gnu
33 silly reify mark deleted [
33 silly reify   'D:\\trash\\college-tracker\\node_modules\\@rollup\\rollup-linux-riscv64-gnu'
33 silly reify ]
34 verbose reify failed optional dependency D:\trash\college-tracker\node_modules\@rollup\rollup-linux-ppc64-gnu
35 silly reify mark deleted [
35 silly reify   'D:\\trash\\college-tracker\\node_modules\\@rollup\\rollup-linux-ppc64-gnu'
35 silly reify ]
36 verbose reify failed optional dependency D:\trash\college-tracker\node_modules\@rollup\rollup-linux-loong64-gnu
37 silly reify mark deleted [
37 silly reify   'D:\\trash\\college-tracker\\node_modules\\@rollup\\rollup-linux-loong64-gnu'
37 silly reify ]
38 verbose reify failed optional dependency D:\trash\college-tracker\node_modules\@rollup\rollup-linux-arm64-musl
39 silly reify mark deleted [
39 silly reify   'D:\\trash\\college-tracker\\node_modules\\@rollup\\rollup-linux-arm64-musl'
39 silly reify ]
40 verbose reify failed optional dependency D:\trash\college-tracker\node_modules\@rollup\rollup-linux-arm64-gnu
41 silly reify mark deleted [
41 silly reify   'D:\\trash\\college-tracker\\node_modules\\@rollup\\rollup-linux-arm64-gnu'
41 silly reify ]
42 verbose reify failed optional dependency D:\trash\college-tracker\node_modules\@rollup\rollup-linux-arm-musleabihf
43 silly reify mark deleted [
43 silly reify   'D:\\trash\\college-tracker\\node_modules\\@rollup\\rollup-linux-arm-musleabihf'
43 silly reify ]
44 verbose reify failed optional dependency D:\trash\college-tracker\node_modules\@rollup\rollup-linux-arm-gnueabihf
45 silly reify mark deleted [
45 silly reify   'D:\\trash\\college-tracker\\node_modules\\@rollup\\rollup-linux-arm-gnueabihf'
45 silly reify ]
46 verbose reify failed optional dependency D:\trash\college-tracker\node_modules\@rollup\rollup-freebsd-x64
47 silly reify mark deleted [
47 silly reify   'D:\\trash\\college-tracker\\node_modules\\@rollup\\rollup-freebsd-x64'
47 silly reify ]
48 verbose reify failed optional dependency D:\trash\college-tracker\node_modules\@rollup\rollup-freebsd-arm64
49 silly reify mark deleted [
49 silly reify   'D:\\trash\\college-tracker\\node_modules\\@rollup\\rollup-freebsd-arm64'
49 silly reify ]
50 verbose reify failed optional dependency D:\trash\college-tracker\node_modules\@rollup\rollup-darwin-x64
51 silly reify mark deleted [
51 silly reify   'D:\\trash\\college-tracker\\node_modules\\@rollup\\rollup-darwin-x64'
51 silly reify ]
52 verbose reify failed optional dependency D:\trash\college-tracker\node_modules\@rollup\rollup-darwin-arm64
53 silly reify mark deleted [
53 silly reify   'D:\\trash\\college-tracker\\node_modules\\@rollup\\rollup-darwin-arm64'
53 silly reify ]
54 verbose reify failed optional dependency D:\trash\college-tracker\node_modules\@rollup\rollup-android-arm64
55 silly reify mark deleted [
55 silly reify   'D:\\trash\\college-tracker\\node_modules\\@rollup\\rollup-android-arm64'
55 silly reify ]
56 verbose reify failed optional dependency D:\trash\college-tracker\node_modules\@rollup\rollup-android-arm-eabi
57 silly reify mark deleted [
57 silly reify   'D:\\trash\\college-tracker\\node_modules\\@rollup\\rollup-android-arm-eabi'
57 silly reify ]
58 verbose reify failed optional dependency D:\trash\college-tracker\node_modules\@esbuild\win32-ia32
59 silly reify mark deleted [ 'D:\\trash\\college-tracker\\node_modules\\@esbuild\\win32-ia32' ]
60 verbose reify failed optional dependency D:\trash\college-tracker\node_modules\@esbuild\win32-arm64
61 silly reify mark deleted [ 'D:\\trash\\college-tracker\\node_modules\\@esbuild\\win32-arm64' ]
62 verbose reify failed optional dependency D:\trash\college-tracker\node_modules\@esbuild\sunos-x64
63 silly reify mark deleted [ 'D:\\trash\\college-tracker\\node_modules\\@esbuild\\sunos-x64' ]
64 verbose reify failed optional dependency D:\trash\college-tracker\node_modules\@esbuild\openbsd-x64
65 silly reify mark deleted [ 'D:\\trash\\college-tracker\\node_modules\\@esbuild\\openbsd-x64' ]
66 verbose reify failed optional dependency D:\trash\college-tracker\node_modules\@esbuild\netbsd-x64
67 silly reify mark deleted [ 'D:\\trash\\college-tracker\\node_modules\\@esbuild\\netbsd-x64' ]
68 verbose reify failed optional dependency D:\trash\college-tracker\node_modules\@esbuild\linux-x64
69 silly reify mark deleted [ 'D:\\trash\\college-tracker\\node_modules\\@esbuild\\linux-x64' ]
70 verbose reify failed optional dependency D:\trash\college-tracker\node_modules\@esbuild\linux-s390x
71 silly reify mark deleted [ 'D:\\trash\\college-tracker\\node_modules\\@esbuild\\linux-s390x' ]
72 verbose reify failed optional dependency D:\trash\college-tracker\node_modules\@esbuild\linux-riscv64
73 silly reify mark deleted [ 'D:\\trash\\college-tracker\\node_modules\\@esbuild\\linux-riscv64' ]
74 verbose reify failed optional dependency D:\trash\college-tracker\node_modules\@esbuild\linux-ppc64
75 silly reify mark deleted [ 'D:\\trash\\college-tracker\\node_modules\\@esbuild\\linux-ppc64' ]
76 verbose reify failed optional dependency D:\trash\college-tracker\node_modules\@esbuild\linux-mips64el
77 silly reify mark deleted [
77 silly reify   'D:\\trash\\college-tracker\\node_modules\\@esbuild\\linux-mips64el'
77 silly reify ]
78 verbose reify failed optional dependency D:\trash\college-tracker\node_modules\@esbuild\linux-loong64
79 silly reify mark deleted [ 'D:\\trash\\college-tracker\\node_modules\\@esbuild\\linux-loong64' ]
80 verbose reify failed optional dependency D:\trash\college-tracker\node_modules\@esbuild\linux-ia32
81 silly reify mark deleted [ 'D:\\trash\\college-tracker\\node_modules\\@esbuild\\linux-ia32' ]
82 verbose reify failed optional dependency D:\trash\college-tracker\node_modules\@esbuild\linux-arm64
83 silly reify mark deleted [ 'D:\\trash\\college-tracker\\node_modules\\@esbuild\\linux-arm64' ]
84 verbose reify failed optional dependency D:\trash\college-tracker\node_modules\@esbuild\linux-arm
85 silly reify mark deleted [ 'D:\\trash\\college-tracker\\node_modules\\@esbuild\\linux-arm' ]
86 verbose reify failed optional dependency D:\trash\college-tracker\node_modules\@esbuild\freebsd-x64
87 silly reify mark deleted [ 'D:\\trash\\college-tracker\\node_modules\\@esbuild\\freebsd-x64' ]
88 verbose reify failed optional dependency D:\trash\college-tracker\node_modules\@esbuild\freebsd-arm64
89 silly reify mark deleted [ 'D:\\trash\\college-tracker\\node_modules\\@esbuild\\freebsd-arm64' ]
90 verbose reify failed optional dependency D:\trash\college-tracker\node_modules\@esbuild\darwin-x64
91 silly reify mark deleted [ 'D:\\trash\\college-tracker\\node_modules\\@esbuild\\darwin-x64' ]
92 verbose reify failed optional dependency D:\trash\college-tracker\node_modules\@esbuild\darwin-arm64
93 silly reify mark deleted [ 'D:\\trash\\college-tracker\\node_modules\\@esbuild\\darwin-arm64' ]
94 verbose reify failed optional dependency D:\trash\college-tracker\node_modules\@esbuild\android-x64
95 silly reify mark deleted [ 'D:\\trash\\college-tracker\\node_modules\\@esbuild\\android-x64' ]
96 verbose reify failed optional dependency D:\trash\college-tracker\node_modules\@esbuild\android-arm64
97 silly reify mark deleted [ 'D:\\trash\\college-tracker\\node_modules\\@esbuild\\android-arm64' ]
98 verbose reify failed optional dependency D:\trash\college-tracker\node_modules\@esbuild\android-arm
99 silly reify mark deleted [ 'D:\\trash\\college-tracker\\node_modules\\@esbuild\\android-arm' ]
100 verbose reify failed optional dependency D:\trash\college-tracker\node_modules\@esbuild\aix-ppc64
101 silly reify mark deleted [ 'D:\\trash\\college-tracker\\node_modules\\@esbuild\\aix-ppc64' ]
102 silly tarball no local data for yallist@https://registry.npmjs.org/yallist/-/yallist-3.1.1.tgz. Extracting by manifest.
103 silly tarball no local data for update-browserslist-db@https://registry.npmjs.org/update-browserslist-db/-/update-browserslist-db-1.1.4.tgz. Extracting by manifest.
104 silly tarball no local data for vite@https://registry.npmjs.org/vite/-/vite-5.4.21.tgz. Extracting by manifest.
105 silly tarball no local data for semver@https://registry.npmjs.org/semver/-/semver-6.3.1.tgz. Extracting by manifest.
106 silly tarball no local data for source-map-js@https://registry.npmjs.org/source-map-js/-/source-map-js-1.2.1.tgz. Extracting by manifest.
107 silly tarball no local data for scheduler@https://registry.npmjs.org/scheduler/-/scheduler-0.23.2.tgz. Extracting by manifest.
108 silly tarball no local data for rollup@https://registry.npmjs.org/rollup/-/rollup-4.53.3.tgz. Extracting by manifest.
109 silly tarball no local data for react-router-dom@https://registry.npmjs.org/react-router-dom/-/react-router-dom-6.30.2.tgz. Extracting by manifest.
110 silly tarball no local data for react-router@https://registry.npmjs.org/react-router/-/react-router-6.30.2.tgz. Extracting by manifest.
111 silly tarball no local data for react-refresh@https://registry.npmjs.org/react-refresh/-/react-refresh-0.17.0.tgz. Extracting by manifest.
112 silly tarball no local data for react@https://registry.npmjs.org/react/-/react-18.3.1.tgz. Extracting by manifest.
113 silly tarball no local data for picocolors@https://registry.npmjs.org/picocolors/-/picocolors-1.1.1.tgz. Extracting by manifest.
114 silly tarball no local data for postcss@https://registry.npmjs.org/postcss/-/postcss-8.5.6.tgz. Extracting by manifest.
115 silly tarball no local data for react-dom@https://registry.npmjs.org/react-dom/-/react-dom-18.3.1.tgz. Extracting by manifest.
116 silly tarball no local data for node-releases@https://registry.npmjs.org/node-releases/-/node-releases-2.0.27.tgz. Extracting by manifest.
117 silly tarball no local data for nanoid@https://registry.npmjs.org/nanoid/-/nanoid-3.3.11.tgz. Extracting by manifest.
118 silly tarball no local data for ms@https://registry.npmjs.org/ms/-/ms-2.1.3.tgz. Extracting by manifest.
119 silly tarball no local data for lru-cache@https://registry.npmjs.org/lru-cache/-/lru-cache-5.1.1.tgz. Extracting by manifest.
120 silly tarball no local data for loose-envify@https://registry.npmjs.org/loose-envify/-/loose-envify-1.4.0.tgz. Extracting by manifest.
121 silly tarball no local data for json5@https://registry.npmjs.org/json5/-/json5-2.2.3.tgz. Extracting by manifest.
122 silly tarball no local data for jsesc@https://registry.npmjs.org/jsesc/-/jsesc-3.1.0.tgz. Extracting by manifest.
123 silly tarball no local data for js-tokens@https://registry.npmjs.org/js-tokens/-/js-tokens-4.0.0.tgz. Extracting by manifest.
124 silly tarball no local data for gensync@https://registry.npmjs.org/gensync/-/gensync-1.0.0-beta.2.tgz. Extracting by manifest.
125 silly tarball no local data for escalade@https://registry.npmjs.org/escalade/-/escalade-3.2.0.tgz. Extracting by manifest.
126 silly tarball no local data for esbuild@https://registry.npmjs.org/esbuild/-/esbuild-0.21.5.tgz. Extracting by manifest.
127 silly tarball no local data for electron-to-chromium@https://registry.npmjs.org/electron-to-chromium/-/electron-to-chromium-1.5.259.tgz. Extracting by manifest.
128 silly tarball no local data for debug@https://registry.npmjs.org/debug/-/debug-4.4.3.tgz. Extracting by manifest.
129 silly tarball no local data for csstype@https://registry.npmjs.org/csstype/-/csstype-3.2.3.tgz. Extracting by manifest.
130 silly tarball no local data for convert-source-map@https://registry.npmjs.org/convert-source-map/-/convert-source-map-2.0.0.tgz. Extracting by manifest.
131 silly tarball no local data for caniuse-lite@https://registry.npmjs.org/caniuse-lite/-/caniuse-lite-1.0.30001757.tgz. Extracting by manifest.
132 silly tarball no local data for browserslist@https://registry.npmjs.org/browserslist/-/browserslist-4.28.0.tgz. Extracting by manifest.
133 silly tarball no local data for @vitejs/plugin-react@https://registry.npmjs.org/@vitejs/plugin-react/-/plugin-react-4.7.0.tgz. Extracting by manifest.
134 silly tarball no local data for baseline-browser-mapping@https://registry.npmjs.org/baseline-browser-mapping/-/baseline-browser-mapping-2.8.31.tgz. Extracting by manifest.
135 silly tarball no local data for @types/react-dom@https://registry.npmjs.org/@types/react-dom/-/react-dom-18.3.7.tgz. Extracting by manifest.
136 silly tarball no local data for @types/react@https://registry.npmjs.org/@types/react/-/react-18.3.27.tgz. Extracting by manifest.
137 silly tarball no local data for @types/prop-types@https://registry.npmjs.org/@types/prop-types/-/prop-types-15.7.15.tgz. Extracting by manifest.
138 silly tarball no local data for @types/babel__traverse@https://registry.npmjs.org/@types/babel__traverse/-/babel__traverse-7.28.0.tgz. Extracting by manifest.
139 silly tarball no local data for @rollup/rollup-win32-x64-msvc@https://registry.npmjs.org/@rollup/rollup-win32-x64-msvc/-/rollup-win32-x64-msvc-4.53.3.tgz. Extracting by manifest.
140 silly tarball no local data for @types/estree@https://registry.npmjs.org/@types/estree/-/estree-1.0.8.tgz. Extracting by manifest.
141 silly tarball no local data for @rollup/rollup-win32-x64-gnu@https://registry.npmjs.org/@rollup/rollup-win32-x64-gnu/-/rollup-win32-x64-gnu-4.53.3.tgz. Extracting by manifest.
142 silly tarball no local data for @types/babel__template@https://registry.npmjs.org/@types/babel__template/-/babel__template-7.4.4.tgz. Extracting by manifest.
143 silly tarball no local data for @rolldown/pluginutils@https://registry.npmjs.org/@rolldown/pluginutils/-/pluginutils-1.0.0-beta.27.tgz. Extracting by manifest.
144 silly tarball no local data for @types/babel__generator@https://registry.npmjs.org/@types/babel__generator/-/babel__generator-7.27.0.tgz. Extracting by manifest.
145 silly tarball no local data for @types/babel__core@https://registry.npmjs.org/@types/babel__core/-/babel__core-7.20.5.tgz. Extracting by manifest.
146 silly tarball no local data for @remix-run/router@https://registry.npmjs.org/@remix-run/router/-/router-1.23.1.tgz. Extracting by manifest.
147 silly tarball no local data for @jridgewell/resolve-uri@https://registry.npmjs.org/@jridgewell/resolve-uri/-/resolve-uri-3.1.2.tgz. Extracting by manifest.
148 silly tarball no local data for @jridgewell/sourcemap-codec@https://registry.npmjs.org/@jridgewell/sourcemap-codec/-/sourcemap-codec-1.5.5.tgz. Extracting by manifest.
149 silly tarball no local data for @esbuild/win32-x64@https://registry.npmjs.org/@esbuild/win32-x64/-/win32-x64-0.21.5.tgz. Extracting by manifest.
150 silly tarball no local data for @jridgewell/trace-mapping@https://registry.npmjs.org/@jridgewell/trace-mapping/-/trace-mapping-0.3.31.tgz. Extracting by manifest.
151 silly tarball no local data for @jridgewell/remapping@https://registry.npmjs.org/@jridgewell/remapping/-/remapping-2.3.5.tgz. Extracting by manifest.
152 silly tarball no local data for @jridgewell/gen-mapping@https://registry.npmjs.org/@jridgewell/gen-mapping/-/gen-mapping-0.3.13.tgz. Extracting by manifest.
153 silly tarball no local data for @babel/types@https://registry.npmjs.org/@babel/types/-/types-7.28.5.tgz. Extracting by manifest.
154 silly tarball no local data for @babel/traverse@https://registry.npmjs.org/@babel/traverse/-/traverse-7.28.5.tgz. Extracting by manifest.
155 silly tarball no local data for @babel/template@https://registry.npmjs.org/@babel/template/-/template-7.27.2.tgz. Extracting by manifest.
156 silly tarball no local data for @babel/parser@https://registry.npmjs.org/@babel/parser/-/parser-7.28.5.tgz. Extracting by manifest.
157 silly tarball no local data for @babel/plugin-transform-react-jsx-self@https://registry.npmjs.org/@babel/plugin-transform-react-jsx-self/-/plugin-transform-react-jsx-self-7.27.1.tgz. Extracting by manifest.
158 silly tarball no local data for @babel/plugin-transform-react-jsx-source@https://registry.npmjs.org/@babel/plugin-transform-react-jsx-source/-/plugin-transform-react-jsx-source-7.27.1.tgz. Extracting by manifest.
159 silly tarball no local data for @babel/helpers@https://registry.npmjs.org/@babel/helpers/-/helpers-7.28.4.tgz. Extracting by manifest.
160 silly tarball no local data for @babel/helper-validator-option@https://registry.npmjs.org/@babel/helper-validator-option/-/helper-validator-option-7.27.1.tgz. Extracting by manifest.
161 silly tarball no local data for @babel/helper-plugin-utils@https://registry.npmjs.org/@babel/helper-plugin-utils/-/helper-plugin-utils-7.27.1.tgz. Extracting by manifest.
162 silly tarball no local data for @babel/helper-validator-identifier@https://registry.npmjs.org/@babel/helper-validator-identifier/-/helper-validator-identifier-7.28.5.tgz. Extracting by manifest.
163 silly tarball no local data for @babel/helper-module-imports@https://registry.npmjs.org/@babel/helper-module-imports/-/helper-module-imports-7.27.1.tgz. Extracting by manifest.
164 silly tarball no local data for @babel/helper-string-parser@https://registry.npmjs.org/@babel/helper-string-parser/-/helper-string-parser-7.27.1.tgz. Extracting by manifest.
165 silly tarball no local data for @babel/helper-module-transforms@https://registry.npmjs.org/@babel/helper-module-transforms/-/helper-module-transforms-7.28.3.tgz. Extracting by manifest.
166 silly tarball no local data for @babel/helper-globals@https://registry.npmjs.org/@babel/helper-globals/-/helper-globals-7.28.0.tgz. Extracting by manifest.
167 silly tarball no local data for @babel/helper-compilation-targets@https://registry.npmjs.org/@babel/helper-compilation-targets/-/helper-compilation-targets-7.27.2.tgz. Extracting by manifest.
168 silly tarball no local data for @babel/generator@https://registry.npmjs.org/@babel/generator/-/generator-7.28.5.tgz. Extracting by manifest.
169 silly tarball no local data for @babel/compat-data@https://registry.npmjs.org/@babel/compat-data/-/compat-data-7.28.5.tgz. Extracting by manifest.
170 silly tarball no local data for @babel/core@https://registry.npmjs.org/@babel/core/-/core-7.28.5.tgz. Extracting by manifest.
171 silly tarball no local data for @babel/code-frame@https://registry.npmjs.org/@babel/code-frame/-/code-frame-7.27.1.tgz. Extracting by manifest.
172 http fetch GET 200 https://registry.npmjs.org/yallist/-/yallist-3.1.1.tgz 611ms (cache miss)
173 http fetch GET 200 https://registry.npmjs.org/semver/-/semver-6.3.1.tgz 622ms (cache miss)
174 http fetch GET 200 https://registry.npmjs.org/picocolors/-/picocolors-1.1.1.tgz 661ms (cache miss)
175 http fetch GET 200 https://registry.npmjs.org/source-map-js/-/source-map-js-1.2.1.tgz 757ms (cache miss)
176 http fetch GET 200 https://registry.npmjs.org/react-refresh/-/react-refresh-0.17.0.tgz 759ms (cache miss)
177 http fetch GET 200 https://registry.npmjs.org/scheduler/-/scheduler-0.23.2.tgz 808ms (cache miss)
178 http fetch GET 200 https://registry.npmjs.org/update-browserslist-db/-/update-browserslist-db-1.1.4.tgz 817ms (cache miss)
179 http fetch GET 200 https://registry.npmjs.org/postcss/-/postcss-8.5.6.tgz 829ms (cache miss)
180 http fetch POST 200 https://registry.npmjs.org/-/npm/v1/security/advisories/bulk 979ms
181 silly audit report {
181 silly audit report   '@remix-run/router': [
181 silly audit report     {
181 silly audit report       id: 1112052,
181 silly audit report       url: 'https://github.com/advisories/GHSA-2w69-qvjg-hvjx',
181 silly audit report       title: 'React Router vulnerable to XSS via Open Redirects',
181 silly audit report       severity: 'high',
181 silly audit report       vulnerable_versions: '<=1.23.1',
181 silly audit report       cwe: [Array],
181 silly audit report       cvss: [Object]
181 silly audit report     }
181 silly audit report   ],
181 silly audit report   esbuild: [
181 silly audit report     {
181 silly audit report       id: 1102341,
181 silly audit report       url: 'https://github.com/advisories/GHSA-67mh-4wv8-2f99',
181 silly audit report       title: 'esbuild enables any website to send any requests to the development server and read the response',
181 silly audit report       severity: 'moderate',
181 silly audit report       vulnerable_versions: '<=0.24.2',
181 silly audit report       cwe: [Array],
181 silly audit report       cvss: [Object]
181 silly audit report     }
181 silly audit report   ],
181 silly audit report   postcss: [
181 silly audit report     {
181 silly audit report       id: 1117015,
181 silly audit report       url: 'https://github.com/advisories/GHSA-qx2v-qp2m-jg93',
181 silly audit report       title: 'PostCSS has XSS via Unescaped </style> in its CSS Stringify Output',
181 silly audit report       severity: 'moderate',
181 silly audit report       vulnerable_versions: '<8.5.10',
181 silly audit report       cwe: [Array],
181 silly audit report       cvss: [Object]
181 silly audit report     }
181 silly audit report   ],
181 silly audit report   rollup: [
181 silly audit report     {
181 silly audit report       id: 1113515,
181 silly audit report       url: 'https://github.com/advisories/GHSA-mw96-cpmx-2vgc',
181 silly audit report       title: 'Rollup 4 has Arbitrary File Write via Path Traversal',
181 silly audit report       severity: 'high',
181 silly audit report       vulnerable_versions: '>=4.0.0 <4.59.0',
181 silly audit report       cwe: [Array],
181 silly audit report       cvss: [Object]
181 silly audit report     }
181 silly audit report   ],
181 silly audit report   vite: [
181 silly audit report     {
181 silly audit report       id: 1116229,
181 silly audit report       url: 'https://github.com/advisories/GHSA-4w7w-66w2-5vf9',
181 silly audit report       title: 'Vite Vulnerable to Path Traversal in Optimized Deps `.map` Handling',
181 silly audit report       severity: 'moderate',
181 silly audit report       vulnerable_versions: '<=6.4.1',
181 silly audit report       cwe: [Array],
181 silly audit report       cvss: [Object]
181 silly audit report     }
181 silly audit report   ]
181 silly audit report }
182 silly packumentCache corgi:https://registry.npmjs.org/@remix-run%2frouter cache-miss
183 silly packumentCache corgi:https://registry.npmjs.org/esbuild cache-miss
184 silly packumentCache corgi:https://registry.npmjs.org/postcss cache-miss
185 silly packumentCache corgi:https://registry.npmjs.org/rollup cache-miss
186 silly packumentCache corgi:https://registry.npmjs.org/vite cache-miss
187 http fetch GET 200 https://registry.npmjs.org/node-releases/-/node-releases-2.0.27.tgz 896ms (cache miss)
188 http fetch GET 200 https://registry.npmjs.org/ms/-/ms-2.1.3.tgz 904ms (cache miss)
189 http fetch GET 200 https://registry.npmjs.org/react/-/react-18.3.1.tgz 911ms (cache miss)
190 http fetch GET 200 https://registry.npmjs.org/nanoid/-/nanoid-3.3.11.tgz 930ms (cache miss)
191 http fetch GET 200 https://registry.npmjs.org/lru-cache/-/lru-cache-5.1.1.tgz 1032ms (cache miss)
192 http fetch GET 200 https://registry.npmjs.org/loose-envify/-/loose-envify-1.4.0.tgz 1032ms (cache miss)
193 http fetch GET 200 https://registry.npmjs.org/jsesc/-/jsesc-3.1.0.tgz 1064ms (cache miss)
194 http fetch GET 200 https://registry.npmjs.org/json5/-/json5-2.2.3.tgz 1159ms (cache miss)
195 http fetch GET 200 https://registry.npmjs.org/js-tokens/-/js-tokens-4.0.0.tgz 1397ms (cache miss)
196 http fetch GET 200 https://registry.npmjs.org/gensync/-/gensync-1.0.0-beta.2.tgz 1445ms (cache miss)
197 http fetch GET 200 https://registry.npmjs.org/escalade/-/escalade-3.2.0.tgz 1448ms (cache miss)
198 http fetch GET 200 https://registry.npmjs.org/esbuild/-/esbuild-0.21.5.tgz 1458ms (cache miss)
199 http fetch GET 200 https://registry.npmjs.org/debug/-/debug-4.4.3.tgz 1601ms (cache miss)
200 http fetch GET 200 https://registry.npmjs.org/electron-to-chromium/-/electron-to-chromium-1.5.259.tgz 1606ms (cache miss)
201 http fetch GET 200 https://registry.npmjs.org/convert-source-map/-/convert-source-map-2.0.0.tgz 1656ms (cache miss)
202 http fetch GET 200 https://registry.npmjs.org/browserslist/-/browserslist-4.28.0.tgz 1830ms (cache miss)
203 http fetch GET 200 https://registry.npmjs.org/@vitejs/plugin-react/-/plugin-react-4.7.0.tgz 1894ms (cache miss)
204 http fetch GET 200 https://registry.npmjs.org/baseline-browser-mapping/-/baseline-browser-mapping-2.8.31.tgz 1938ms (cache miss)
205 http fetch GET 200 https://registry.npmjs.org/react-router-dom/-/react-router-dom-6.30.2.tgz 2087ms (cache miss)
206 http fetch GET 200 https://registry.npmjs.org/@types/babel__traverse/-/babel__traverse-7.28.0.tgz 2116ms (cache miss)
207 http fetch GET 200 https://registry.npmjs.org/@types/react-dom/-/react-dom-18.3.7.tgz 2222ms (cache miss)
208 http fetch GET 200 https://registry.npmjs.org/react-router/-/react-router-6.30.2.tgz 2358ms (cache miss)
209 http fetch GET 200 https://registry.npmjs.org/@types/estree/-/estree-1.0.8.tgz 2388ms (cache miss)
210 http fetch GET 200 https://registry.npmjs.org/@types/prop-types/-/prop-types-15.7.15.tgz 2424ms (cache miss)
211 http fetch GET 200 https://registry.npmjs.org/@types/babel__template/-/babel__template-7.4.4.tgz 2497ms (cache miss)
212 http fetch GET 200 https://registry.npmjs.org/@rolldown/pluginutils/-/pluginutils-1.0.0-beta.27.tgz 2618ms (cache miss)
213 http fetch GET 200 https://registry.npmjs.org/csstype/-/csstype-3.2.3.tgz 2654ms (cache miss)
214 http fetch GET 200 https://registry.npmjs.org/@types/babel__generator/-/babel__generator-7.27.0.tgz 2738ms (cache miss)
215 http fetch GET 200 https://registry.npmjs.org/@types/react/-/react-18.3.27.tgz 2743ms (cache miss)
216 http fetch GET 200 https://registry.npmjs.org/@types/babel__core/-/babel__core-7.20.5.tgz 2743ms (cache miss)
217 http fetch GET 200 https://registry.npmjs.org/@jridgewell/resolve-uri/-/resolve-uri-3.1.2.tgz 3222ms (cache miss)
218 http fetch GET 200 https://registry.npmjs.org/@jridgewell/sourcemap-codec/-/sourcemap-codec-1.5.5.tgz 3256ms (cache miss)
219 http fetch GET 200 https://registry.npmjs.org/@jridgewell/remapping/-/remapping-2.3.5.tgz 3680ms (cache miss)
220 http fetch GET 200 https://registry.npmjs.org/@jridgewell/trace-mapping/-/trace-mapping-0.3.31.tgz 3685ms (cache miss)
221 http fetch GET 200 https://registry.npmjs.org/@jridgewell/gen-mapping/-/gen-mapping-0.3.13.tgz 3886ms (cache miss)
222 http fetch GET 200 https://registry.npmjs.org/@babel/template/-/template-7.27.2.tgz 4207ms (cache miss)
223 http fetch GET 200 https://registry.npmjs.org/@babel/plugin-transform-react-jsx-self/-/plugin-transform-react-jsx-self-7.27.1.tgz 4459ms (cache miss)
224 http fetch GET 200 https://registry.npmjs.org/@babel/plugin-transform-react-jsx-source/-/plugin-transform-react-jsx-source-7.27.1.tgz 4460ms (cache miss)
225 http fetch GET 200 https://registry.npmjs.org/caniuse-lite/-/caniuse-lite-1.0.30001757.tgz 4777ms (cache miss)
226 http fetch GET 200 https://registry.npmjs.org/rollup/-/rollup-4.53.3.tgz 4912ms (cache miss)
227 http fetch GET 200 https://registry.npmjs.org/@babel/helper-validator-option/-/helper-validator-option-7.27.1.tgz 4930ms (cache miss)
228 http fetch GET 200 https://registry.npmjs.org/@babel/helper-plugin-utils/-/helper-plugin-utils-7.27.1.tgz 5079ms (cache miss)
229 http fetch GET 200 https://registry.npmjs.org/@babel/helper-module-imports/-/helper-module-imports-7.27.1.tgz 5176ms (cache miss)
230 http fetch GET 200 https://registry.npmjs.org/@babel/traverse/-/traverse-7.28.5.tgz 5190ms (cache miss)
231 http fetch GET 200 https://registry.npmjs.org/@babel/helper-validator-identifier/-/helper-validator-identifier-7.28.5.tgz 5199ms (cache miss)
232 http fetch GET 200 https://registry.npmjs.org/@babel/helper-string-parser/-/helper-string-parser-7.27.1.tgz 5344ms (cache miss)
233 http fetch GET 200 https://registry.npmjs.org/@babel/helper-globals/-/helper-globals-7.28.0.tgz 5407ms (cache miss)
234 http fetch GET 200 https://registry.npmjs.org/@babel/helper-module-transforms/-/helper-module-transforms-7.28.3.tgz 5409ms (cache miss)
235 http fetch GET 200 https://registry.npmjs.org/@babel/helper-compilation-targets/-/helper-compilation-targets-7.27.2.tgz 5470ms (cache miss)
236 http fetch GET 200 https://registry.npmjs.org/@babel/compat-data/-/compat-data-7.28.5.tgz 5480ms (cache miss)
237 http fetch GET 200 https://registry.npmjs.org/@babel/types/-/types-7.28.5.tgz 5598ms (cache miss)
238 http fetch GET 200 https://registry.npmjs.org/@babel/helpers/-/helpers-7.28.4.tgz 5599ms (cache miss)
239 http fetch GET 200 https://registry.npmjs.org/@babel/code-frame/-/code-frame-7.27.1.tgz 5702ms (cache miss)
240 http fetch GET 200 https://registry.npmjs.org/postcss 5849ms (cache miss)
241 silly packumentCache corgi:https://registry.npmjs.org/postcss set size:undefined disposed:false
242 http fetch GET 200 https://registry.npmjs.org/@babel/generator/-/generator-7.28.5.tgz 6936ms (cache miss)
243 http fetch GET 200 https://registry.npmjs.org/vite/-/vite-5.4.21.tgz 6974ms (cache miss)
244 http fetch GET 200 https://registry.npmjs.org/@remix-run%2frouter 6163ms (cache miss)
245 silly packumentCache corgi:https://registry.npmjs.org/@remix-run%2frouter set size:undefined disposed:false
246 http fetch GET 200 https://registry.npmjs.org/@babel/parser/-/parser-7.28.5.tgz 7091ms (cache miss)
247 http fetch GET 200 https://registry.npmjs.org/@babel/core/-/core-7.28.5.tgz 7148ms (cache miss)
248 http fetch GET 200 https://registry.npmjs.org/@rollup/rollup-win32-x64-gnu/-/rollup-win32-x64-gnu-4.53.3.tgz 8258ms (cache miss)
249 http fetch GET 200 https://registry.npmjs.org/esbuild 7787ms (cache miss)
250 silly packumentCache corgi:https://registry.npmjs.org/esbuild set size:undefined disposed:false
251 http fetch GET 200 https://registry.npmjs.org/@remix-run/router/-/router-1.23.1.tgz 8761ms (cache miss)
252 http fetch GET 200 https://registry.npmjs.org/vite 7971ms (cache miss)
253 silly packumentCache corgi:https://registry.npmjs.org/vite set size:undefined disposed:false
254 http fetch GET 200 https://registry.npmjs.org/react-dom/-/react-dom-18.3.1.tgz 8956ms (cache miss)
255 http fetch GET 200 https://registry.npmjs.org/rollup 8805ms (cache miss)
256 silly packumentCache corgi:https://registry.npmjs.org/rollup set size:undefined disposed:false
257 silly packumentCache corgi:https://registry.npmjs.org/react-router cache-miss
258 silly packumentCache corgi:https://registry.npmjs.org/react-router-dom cache-miss
259 http fetch GET 200 https://registry.npmjs.org/react-router 1659ms (cache miss)
260 silly packumentCache corgi:https://registry.npmjs.org/react-router set size:undefined disposed:false
261 http fetch GET 200 https://registry.npmjs.org/react-router-dom 2204ms (cache miss)
262 silly packumentCache corgi:https://registry.npmjs.org/react-router-dom set size:undefined disposed:false
263 http fetch GET 200 https://registry.npmjs.org/@rollup/rollup-win32-x64-msvc/-/rollup-win32-x64-msvc-4.53.3.tgz 11960ms (cache miss)
264 silly packumentCache corgi:https://registry.npmjs.org/@vitejs%2fplugin-react cache-miss
265 http fetch GET 200 https://registry.npmjs.org/@vitejs%2fplugin-react 170ms (cache miss)
266 silly packumentCache corgi:https://registry.npmjs.org/@vitejs%2fplugin-react set size:undefined disposed:false
267 http fetch GET 200 https://registry.npmjs.org/@esbuild/win32-x64/-/win32-x64-0.21.5.tgz 18114ms (cache miss)
268 info run esbuild@0.21.5 postinstall node_modules/esbuild node install.js
269 info run esbuild@0.21.5 postinstall { code: 0, signal: null }
270 silly ADD node_modules/yallist
271 silly ADD node_modules/vite
272 silly ADD node_modules/update-browserslist-db
273 silly ADD node_modules/source-map-js
274 silly ADD node_modules/semver
275 silly ADD node_modules/scheduler
276 silly ADD node_modules/rollup
277 silly ADD node_modules/react-router-dom
278 silly ADD node_modules/react-router
279 silly ADD node_modules/react-refresh
280 silly ADD node_modules/react-dom
281 silly ADD node_modules/react
282 silly ADD node_modules/postcss
283 silly ADD node_modules/picocolors
284 silly ADD node_modules/node-releases
285 silly ADD node_modules/nanoid
286 silly ADD node_modules/ms
287 silly ADD node_modules/lru-cache
288 silly ADD node_modules/loose-envify
289 silly ADD node_modules/json5
290 silly ADD node_modules/jsesc
291 silly ADD node_modules/js-tokens
292 silly ADD node_modules/gensync
293 silly ADD
294 silly ADD node_modules/escalade
295 silly ADD node_modules/esbuild
296 silly ADD node_modules/electron-to-chromium
297 silly ADD node_modules/debug
298 silly ADD node_modules/csstype
299 silly ADD node_modules/convert-source-map
300 silly ADD node_modules/caniuse-lite
301 silly ADD node_modules/browserslist
302 silly ADD node_modules/baseline-browser-mapping
303 silly ADD node_modules/@vitejs/plugin-react
304 silly ADD node_modules/@types/react-dom
305 silly ADD node_modules/@types/react
306 silly ADD node_modules/@types/prop-types
307 silly ADD node_modules/@types/estree
308 silly ADD node_modules/@types/babel__traverse
309 silly ADD node_modules/@types/babel__template
310 silly ADD node_modules/@types/babel__generator
311 silly ADD node_modules/@types/babel__core
312 silly ADD node_modules/@rollup/rollup-win32-x64-msvc
313 silly ADD node_modules/@rollup/rollup-win32-x64-gnu
314 silly ADD
315 silly ADD
316 silly ADD
317 silly ADD
318 silly ADD
319 silly ADD
320 silly ADD
321 silly ADD
322 silly ADD
323 silly ADD
324 silly ADD
325 silly ADD
326 silly ADD
327 silly ADD
328 silly ADD
329 silly ADD
330 silly ADD
331 silly ADD
332 silly ADD
333 silly ADD
334 silly ADD node_modules/@rolldown/pluginutils
335 silly ADD node_modules/@remix-run/router
336 silly ADD node_modules/@jridgewell/trace-mapping
337 silly ADD node_modules/@jridgewell/sourcemap-codec
338 silly ADD node_modules/@jridgewell/resolve-uri
339 silly ADD node_modules/@jridgewell/remapping
340 silly ADD node_modules/@jridgewell/gen-mapping
341 silly ADD node_modules/@esbuild/win32-x64
342 silly ADD
343 silly ADD
344 silly ADD
345 silly ADD
346 silly ADD
347 silly ADD
348 silly ADD
349 silly ADD
350 silly ADD
351 silly ADD
352 silly ADD
353 silly ADD
354 silly ADD
355 silly ADD
356 silly ADD
357 silly ADD
358 silly ADD
359 silly ADD
360 silly ADD
361 silly ADD
362 silly ADD
363 silly ADD
364 silly ADD node_modules/@babel/types
365 silly ADD node_modules/@babel/traverse
366 silly ADD node_modules/@babel/template
367 silly ADD node_modules/@babel/plugin-transform-react-jsx-source
368 silly ADD node_modules/@babel/plugin-transform-react-jsx-self
369 silly ADD node_modules/@babel/parser
370 silly ADD node_modules/@babel/helpers
371 silly ADD node_modules/@babel/helper-validator-option
372 silly ADD node_modules/@babel/helper-validator-identifier
373 silly ADD node_modules/@babel/helper-string-parser
374 silly ADD node_modules/@babel/helper-plugin-utils
375 silly ADD node_modules/@babel/helper-module-transforms
376 silly ADD node_modules/@babel/helper-module-imports
377 silly ADD node_modules/@babel/helper-globals
378 silly ADD node_modules/@babel/helper-compilation-targets
379 silly ADD node_modules/@babel/generator
380 silly ADD node_modules/@babel/core
381 silly ADD node_modules/@babel/compat-data
382 silly ADD node_modules/@babel/code-frame
383 verbose cwd D:\trash\college-tracker
384 verbose os Windows_NT 10.0.26200
385 verbose node v22.12.0
386 verbose npm  v10.9.0
387 verbose exit 0
388 info ok
